{"/Users/xinwu/LocalFiles/project/demo/src/caculate.js": {"path":"/Users/xinwu/LocalFiles/project/demo/src/caculate.js","statementMap":{"0":{"start":{"line":3,"column":31},"end":{"line":3,"column":68}},"1":{"start":{"line":3,"column":37},"end":{"line":3,"column":68}}},"fnMap":{"0":{"name":"(anonymous_0)","decl":{"start":{"line":3,"column":31},"end":{"line":3,"column":32}},"loc":{"start":{"line":3,"column":37},"end":{"line":3,"column":68}},"line":3}},"branchMap":{},"s":{"0":1,"1":1},"f":{"0":1},"b":{},"_coverageSchema":"1a1c01bbd47fc00a2c39e90264f33305004495a9","hash":"2916899345221a0ba3bc13781b69293068774e13"}
,"/Users/xinwu/LocalFiles/project/demo/src/math.js": {"path":"/Users/xinwu/LocalFiles/project/demo/src/math.js","statementMap":{"0":{"start":{"line":1,"column":19},"end":{"line":1,"column":34}},"1":{"start":{"line":1,"column":29},"end":{"line":1,"column":34}},"2":{"start":{"line":2,"column":24},"end":{"line":2,"column":39}},"3":{"start":{"line":2,"column":34},"end":{"line":2,"column":39}},"4":{"start":{"line":3,"column":28},"end":{"line":3,"column":36}},"5":{"start":{"line":4,"column":28},"end":{"line":4,"column":36}}},"fnMap":{"0":{"name":"(anonymous_0)","decl":{"start":{"line":1,"column":19},"end":{"line":1,"column":20}},"loc":{"start":{"line":1,"column":29},"end":{"line":1,"column":34}},"line":1},"1":{"name":"(anonymous_1)","decl":{"start":{"line":2,"column":24},"end":{"line":2,"column":25}},"loc":{"start":{"line":2,"column":34},"end":{"line":2,"column":39}},"line":2},"2":{"name":"(anonymous_2)","decl":{"start":{"line":3,"column":28},"end":{"line":3,"column":29}},"loc":{"start":{"line":3,"column":34},"end":{"line":3,"column":36}},"line":3},"3":{"name":"(anonymous_3)","decl":{"start":{"line":4,"column":28},"end":{"line":4,"column":29}},"loc":{"start":{"line":4,"column":34},"end":{"line":4,"column":36}},"line":4}},"branchMap":{},"s":{"0":2,"1":1,"2":2,"3":1,"4":2,"5":2},"f":{"0":1,"1":1,"2":0,"3":0},"b":{},"_coverageSchema":"1a1c01bbd47fc00a2c39e90264f33305004495a9","hash":"f7220fcd3f6718fc09080552167915aa50c867e1"}
}
